<?xml version="1.0" encoding="UTF-8"?>
<testng-results ignored="0" total="1" passed="1" failed="0" skipped="0">
  <reporter-output>
    <line>
      <![CDATA[Hello World!]]>
    </line>
  </reporter-output>
  <suite started-at="2024-08-29T16:34:45 IST" name="Default suite" finished-at="2024-08-29T16:34:45 IST" duration-ms="111">
    <groups>
    </groups>
    <test started-at="2024-08-29T16:34:45 IST" name="Default test" finished-at="2024-08-29T16:34:45 IST" duration-ms="111">
      <class name="testng.SampleTest">
        <test-method signature="demo()[pri:0, instance:testng.SampleTest@2145b572]" started-at="2024-08-29T16:34:45 IST" name="demo" finished-at="2024-08-29T16:34:45 IST" duration-ms="28" status="PASS">
          <reporter-output>
            <line>
              <![CDATA[Hello World!]]>
            </line>
          </reporter-output>
        </test-method> <!-- demo -->
      </class> <!-- testng.SampleTest -->
    </test> <!-- Default test -->
  </suite> <!-- Default suite -->
</testng-results>
